make --dry-run --always-make --keep-going --print-directory
make: Entering directory `/Users/kimdaeho/Desktop/PL/assn/hw7'
ocamlc -thread  -c set_type.ml -o set_type.cmo
ocamlc -thread  -c dict.ml -o dict.cmo
ocamlc -thread  -c mach.mli -o mach.cmi
ocamlc -thread  -c mach.ml -o mach.cmo
ocamlc -thread  -c ast.ml -o ast.cmo
ocamlyacc parser.mly
ocamlc -c parser.mli
ocamlc -c parser.ml
ocamllex lexer.mll
ocamlc -c lexer.ml
ocamlc -thread  -c inout.ml -o inout.cmo
ocamlc -thread  -c ast_valid.ml -o ast_valid.cmo
ocamlc -thread  -c ast_print.ml -o ast_print.cmo
ocamlc -thread  -c core.ml -o core.cmo
ocamlc -thread  -c core_print.ml -o core_print.cmo
 
ocamlc -thread  -c mono.ml -o mono.cmo
ocamlc -thread  -c monomorphise.ml -o monomorphise.cmo
ocamlc -thread  -c mono_print.ml -o mono_print.cmo
ocamlc -thread  -c translate.ml -o translate.cmo
ocamlc -thread  -c test.ml -o test.cmo
ocamlc -thread  -c hw7.ml -o hw7.cmo
ocamlc -o lib.cma -a set_type.cmo dict.cmo mach.cmo ast.cmo parser.cmo lexer.cmo inout.cmo ast_valid.cmo ast_print.cmo core.cmo core_print.cmo typing.cmo monomorphise.cmo mono.cmo mono_print.cmo translate.cmo test.cmo
ocamlc -o hw7 lib.cma hw7.cmo 
make: Leaving directory `/Users/kimdaeho/Desktop/PL/assn/hw7'
 
